BUILD: Examining f:\projects\usbjk\bt8x8\src directory for files to compile.
Compiling (NoSync) f:\projects\usbjk\bt8x8\src directory ********************
'nmake.exe /nologo BUILDMSG=Stop. -i NTTEST= UMTEST= NOLINK=1 386=1'
cl -nologo -Ii386\ -I. -IF:\WINDDK\3790.1830\inc\mfc42 -I..\incRUN_WPP=-km -Iobjfre_wnet_x86\i386 -IF:\WINDDK\3790.1830\inc\wnet -IF:\WINDDK\3790.1830\inc\wnet -IF:\WINDDK\3790.1830\inc\ddk\wnet -IF:\WINDDK\3790.1830\inc\ddk\wdm\wnet -IF:\WINDDK\WDF\KMDF10\\inc -IF:\WINDDK\3790.1830\inc\crt -D_X86_=1 -Di386=1  -DSTD_CALL -DCONDITION_HANDLING=1   -DNT_INST=0 -DWIN32=100 -D_NT1X_=100 -DWINNT=1 -D_WIN32_WINNT=0x0502 /DWINVER=0x0502 -D_WIN32_IE=0x0603    -DWIN32_LEAN_AND_MEAN=1 -DDEVL=1 -D__BUILDMACHINE__=WinDDK -DFPO=0  -DNDEBUG -D_DLL=1      /c /Zl /Zp8 /Gy /Gm- -cbstring /W3 /WX /Gz  /GX-  /GR- /GF /GS /G6 /Ze /Gi- /QIfdiv- /hotpatch -Z7 /Oxs  /Oy- /FRf:\projects\usbjk\bt8x8\src\objfre_wnet_x86\i386\   -FIF:\WINDDK\3790.1830\inc\wnet\warning.h   .\main.c 
main.c
	bscmake  -n -o "objfre_wnet_x86\i386\bt8x8.bsc" @objfre_wnet_x86\i386\bscmake.rsp
Microsoft Browse Information Maintenance Utility Version 8.00.50727
Copyright (C) Microsoft Corporation. All rights reserved.


Stop.
Linking f:\projects\usbjk\bt8x8\src directory ********************
'nmake.exe /nologo BUILDMSG=Stop. -i LINKONLY=1 NOPASS0=1 NTTEST= UMTEST= 386=1'
	link -out:objfre_wnet_x86\i386\bt8x8.sys -machine:ix86 @C:\DOCUME~1\Artem.JK\LOCALS~1\Temp\nmB.tmp
Microsoft (R) Incremental Linker Version 7.10.4035
Copyright (C) Microsoft Corporation.  All rights reserved.

-MERGE:_PAGE=PAGE 
-MERGE:_TEXT=.text 
-SECTION:INIT,d 
-OPT:REF 
-OPT:ICF 
-IGNORE:4198,4010,4037,4039,4065,4070,4078,4087,4089,4221 
-INCREMENTAL:NO 
-FULLBUILD 
/release 
-NODEFAULTLIB 
/WX 
-debug 
-debugtype:cv 
-version:5.2 
-osversion:5.2 
/functionpadmin:5 
/safeseh 
/pdbcompress 
-STACK:0x40000,0x1000 
-driver 
-base:0x10000 
-subsystem:native,5.02 
-entry:FxDriverEntry@8 
-out:objfre_wnet_x86\i386\bt8x8.sys 
objfre_wnet_x86\i386\main.obj 
F:\WINDDK\3790.1830\lib\wnet\i386\BufferOverflowK.lib 
F:\WINDDK\3790.1830\lib\wnet\i386\ntoskrnl.lib 
F:\WINDDK\3790.1830\lib\wnet\i386\hal.lib 
F:\WINDDK\3790.1830\lib\wnet\i386\wmilib.lib 
F:\WINDDK\WDF\KMDF10\\lib\i386\WdfDynam.lib 
F:\WINDDK\WDF\KMDF10\\lib\i386\\WdfLdr.lib 
F:\WINDDK\WDF\KMDF10\\lib\i386\\WdfDriverEntry.lib 
F:\WINDDK\3790.1830\lib\wnet\i386\wdmsec.lib 
F:\WINDDK\3790.1830\lib\wnet\i386\ntstrsafe.lib 
	echo Skip Binplace:
Skip Binplace:

Stop.
